0 info it worked if it ends with ok
1 verbose cli [ '/Users/considerate/.nvm-fish/v0.10.28/bin/node',
1 verbose cli   '/Users/considerate/.nvm-fish/v0.10.28/bin/npm',
1 verbose cli   'publish' ]
2 info using npm@1.4.9
3 info using node@v0.10.28
4 verbose publish [ '.' ]
5 verbose cache add [ '.', null ]
6 verbose cache add name=undefined spec="." args=[".",null]
7 verbose parsed url { protocol: null,
7 verbose parsed url   slashes: null,
7 verbose parsed url   auth: null,
7 verbose parsed url   host: null,
7 verbose parsed url   port: null,
7 verbose parsed url   hostname: null,
7 verbose parsed url   hash: null,
7 verbose parsed url   search: null,
7 verbose parsed url   query: null,
7 verbose parsed url   pathname: '.',
7 verbose parsed url   path: '.',
7 verbose parsed url   href: '.' }
8 silly lockFile 3a52ce78- .
9 verbose lock . /Users/considerate/.npm/3a52ce78-.lock
10 verbose tar pack [ '/var/folders/7z/f45xvzvj7rl_61ltzzp1h0xw0000gn/T/npm-16893-M7npIfF9/1407410908041-0.008299609646201134/tmp.tgz',
10 verbose tar pack   '.' ]
11 verbose tarball /var/folders/7z/f45xvzvj7rl_61ltzzp1h0xw0000gn/T/npm-16893-M7npIfF9/1407410908041-0.008299609646201134/tmp.tgz
12 verbose folder .
13 info prepublish dashes.js@0.0.0
14 silly lockFile 1f1177db-tar tar://.
15 verbose lock tar://. /Users/considerate/.npm/1f1177db-tar.lock
16 silly lockFile 4533734f-041-0-008299609646201134-tmp-tgz tar:///var/folders/7z/f45xvzvj7rl_61ltzzp1h0xw0000gn/T/npm-16893-M7npIfF9/1407410908041-0.008299609646201134/tmp.tgz
17 verbose lock tar:///var/folders/7z/f45xvzvj7rl_61ltzzp1h0xw0000gn/T/npm-16893-M7npIfF9/1407410908041-0.008299609646201134/tmp.tgz /Users/considerate/.npm/4533734f-041-0-008299609646201134-tmp-tgz.lock
18 silly lockFile 1f1177db-tar tar://.
19 silly lockFile 1f1177db-tar tar://.
20 silly lockFile 4533734f-041-0-008299609646201134-tmp-tgz tar:///var/folders/7z/f45xvzvj7rl_61ltzzp1h0xw0000gn/T/npm-16893-M7npIfF9/1407410908041-0.008299609646201134/tmp.tgz
21 silly lockFile 4533734f-041-0-008299609646201134-tmp-tgz tar:///var/folders/7z/f45xvzvj7rl_61ltzzp1h0xw0000gn/T/npm-16893-M7npIfF9/1407410908041-0.008299609646201134/tmp.tgz
22 verbose tar unpack /var/folders/7z/f45xvzvj7rl_61ltzzp1h0xw0000gn/T/npm-16893-M7npIfF9/1407410908041-0.008299609646201134/tmp.tgz
23 silly lockFile a1e9caaf-rate-npm-dashes-js-0-0-0-package tar:///Users/considerate/.npm/dashes.js/0.0.0/package
24 verbose lock tar:///Users/considerate/.npm/dashes.js/0.0.0/package /Users/considerate/.npm/a1e9caaf-rate-npm-dashes-js-0-0-0-package.lock
25 silly lockFile 4533734f-041-0-008299609646201134-tmp-tgz tar:///var/folders/7z/f45xvzvj7rl_61ltzzp1h0xw0000gn/T/npm-16893-M7npIfF9/1407410908041-0.008299609646201134/tmp.tgz
26 verbose lock tar:///var/folders/7z/f45xvzvj7rl_61ltzzp1h0xw0000gn/T/npm-16893-M7npIfF9/1407410908041-0.008299609646201134/tmp.tgz /Users/considerate/.npm/4533734f-041-0-008299609646201134-tmp-tgz.lock
27 silly gunzTarPerm modes [ '755', '644' ]
28 silly gunzTarPerm extractEntry package.json
29 silly gunzTarPerm extractEntry README.md
30 silly gunzTarPerm extractEntry dashes.js
31 silly gunzTarPerm extractEntry examples/minimum-width.js
32 silly gunzTarPerm extractEntry examples/simple.js
33 silly lockFile a1e9caaf-rate-npm-dashes-js-0-0-0-package tar:///Users/considerate/.npm/dashes.js/0.0.0/package
34 silly lockFile a1e9caaf-rate-npm-dashes-js-0-0-0-package tar:///Users/considerate/.npm/dashes.js/0.0.0/package
35 silly lockFile 4533734f-041-0-008299609646201134-tmp-tgz tar:///var/folders/7z/f45xvzvj7rl_61ltzzp1h0xw0000gn/T/npm-16893-M7npIfF9/1407410908041-0.008299609646201134/tmp.tgz
36 silly lockFile 4533734f-041-0-008299609646201134-tmp-tgz tar:///var/folders/7z/f45xvzvj7rl_61ltzzp1h0xw0000gn/T/npm-16893-M7npIfF9/1407410908041-0.008299609646201134/tmp.tgz
37 silly lockFile 3a52ce78- .
38 silly lockFile 3a52ce78- .
39 silly publish { name: 'dashes.js',
39 silly publish   version: '0.0.0',
39 silly publish   description: 'Generator for Markdown Multiline tables.',
39 silly publish   main: 'dashes.js',
39 silly publish   scripts: { test: 'echo "Error: no test specified" && exit 1' },
39 silly publish   repository:
39 silly publish    { type: 'git',
39 silly publish      url: 'git://github.com/considerate/dashes.js.git' },
39 silly publish   keywords: [ 'json', 'markdown', 'table', 'pandoc' ],
39 silly publish   author: { name: 'Viktor Kronvall, Christoffer Ackelman' },
39 silly publish   license: 'MIT',
39 silly publish   bugs: { url: 'https://github.com/considerate/dashes.js/issues' },
39 silly publish   homepage: 'https://github.com/considerate/dashes.js',
39 silly publish   readme: '#dashes.js\n\nConvert Javascript Objects to text tables for pandoc multiline tables.\n\n##Usage\n\n```javascript\nvar dashes = require(\'..\');\n\nvar headers = {\n    a: \'Description\',\n    b: \'Info\'\n};\n\nvar rows = [\n    {\n        a: \'asd\\ndsa\\ntest\',\n        b: \'asd\\nzxc\',\n        collection: 7\n    },\n    {\n        a:          7,\n        collection: 6457\n    }\n];\n\nvar table = dashes(rows, headers);\n\nconsole.log(table);\n\n/*\n\tExpected output:\n\t---------------------------\n\tDescription Info collection\n\t----------- ---- ----------\n\tasd         asd  7         \n\tdsa         zxc            \n\ttest                       \n\n\t7                6457      \n\t---------------------------\n */\n```',
39 silly publish   readmeFilename: 'README.md',
39 silly publish   _id: 'dashes.js@0.0.0',
39 silly publish   _shasum: '524de417d4b4b9ada35a17770af5d98e67b53391',
39 silly publish   _from: '.' }
40 verbose url raw dashes.js
41 verbose url resolving [ 'https://registry.npmjs.org/', './dashes.js' ]
42 verbose url resolved https://registry.npmjs.org/dashes.js
43 info trying registry request attempt 1 at 13:28:28
44 http PUT https://registry.npmjs.org/dashes.js
45 http 403 https://registry.npmjs.org/dashes.js
46 verbose headers { date: 'Thu, 07 Aug 2014 11:28:28 GMT',
46 verbose headers   server: 'CouchDB/1.5.0 (Erlang OTP/R14B04)',
46 verbose headers   'content-type': 'application/json',
46 verbose headers   'cache-control': 'max-age=60',
46 verbose headers   'content-length': '3121',
46 verbose headers   'accept-ranges': 'bytes',
46 verbose headers   via: '1.1 varnish',
46 verbose headers   'x-served-by': 'cache-fra1229-FRA',
46 verbose headers   'x-cache': 'MISS',
46 verbose headers   'x-cache-hits': '0',
46 verbose headers   'x-timer': 'S1407410908.216963,VS0,VE684',
46 verbose headers   'keep-alive': 'timeout=10, max=50',
46 verbose headers   connection: 'Keep-Alive' }
47 error publish Failed PUT 403
48 error Error: forbidden cannot modify pre-existing version: 0.0.0
48 error old={"name":"dashes.js","version":"0.0.0","description":"Generator for Markdown Multiline tables.","main":"dashes.js","scripts":{"test":"echo \"Error: no test specified\" && exit 1"},"repository":{"type":"git","url":"git://github.com/considerate/dashes.js.git"},"keywords":["json","markdown","table","pandoc"],"author":{"name":"Viktor Kronvall, Christoffer Ackelman"},"license":"MIT","bugs":{"url":"https://github.com/considerate/dashes.js/issues"},"homepage":"https://github.com/considerate/dashes.js","_id":"dashes.js@0.0.0","_shasum":"ba89a71be99393f512dae73b99256879c2c3d82f","_from":".","_npmVersion":"1.4.9","_npmUser":{"name":"considerate","email":"viktor.kronvall@gmail.com"},"maintainers":[{"name":"considerate","email":"viktor.kronvall@gmail.com"}],"dist":{"shasum":"ba89a71be99393f512dae73b99256879c2c3d82f","tarball":"http://registry.npmjs.org/dashes.js/-/dashes.js-0.0.0.tgz"}}
48 error new={"name":"dashes.js","version":"0.0.0","description":"Generator for Markdown Multiline tables.","main":"dashes.js","scripts":{"test":"echo \"Error: no test specified\" && exit 1"},"repository":{"type":"git","url":"git://github.com/considerate/dashes.js.git"},"keywords":["json","markdown","table","pandoc"],"author":{"name":"Viktor Kronvall, Christoffer Ackelman"},"license":"MIT","bugs":{"url":"https://github.com/considerate/dashes.js/issues"},"homepage":"https://github.com/considerate/dashes.js","readme":"#dashes.js\u000a\u000aConvert Javascript Objects to text tables for pandoc multiline tables.\u000a\u000a##Usage\u000a\u000a```javascript\u000avar dashes = require('..');\u000a\u000avar headers = {\u000a    a: 'Description',\u000a    b: 'Info'\u000a};\u000a\u000avar rows = [\u000a    {\u000a        a: 'asd\\ndsa\\ntest',\u000a        b: 'asd\\nzxc',\u000a        collection: 7\u000a    },\u000a    {\u000a        a:          7,\u000a        collection: 6457\u000a    }\u000a];\u000a\u000avar table = dashes(rows, headers);\u000a\u000aconsole.log(table);\u000a\u000a/*\u000a\u0009Expected output:\u000a\u0009---------------------------\u000a\u0009Description Info collection\u000a\u0009----------- ---- ----------\u000a\u0009asd         asd  7         \u000a\u0009dsa         zxc            \u000a\u0009test                       \u000a\u000a\u00097                6457      \u000a\u0009---------------------------\u000a */\u000a```","readmeFilename":"README.md","_id":"dashes.js@0.0.0","_shasum":"524de417d4b4b9ada35a17770af5d98e67b53391","_from":".","_npmVersion":"1.4.9","_npmUser":{"name":"considerate","email":"viktor.kronvall@gmail.com"},"maintainers":[{"name":"considerate","email":"viktor.kronvall@gmail.com"}],"dist":{"shasum":"524de417d4b4b9ada35a17770af5d98e67b53391","tarball":"http://registry.npmjs.org/dashes.js/-/dashes.js-0.0.0.tgz"}}: dashes.js
48 error     at RegClient.<anonymous> (/Users/considerate/.nvm-fish/v0.10.28/lib/node_modules/npm/node_modules/npm-registry-client/lib/request.js:273:14)
48 error     at Request._callback (/Users/considerate/.nvm-fish/v0.10.28/lib/node_modules/npm/node_modules/npm-registry-client/lib/request.js:211:65)
48 error     at Request.self.callback (/Users/considerate/.nvm-fish/v0.10.28/lib/node_modules/npm/node_modules/request/request.js:123:22)
48 error     at Request.EventEmitter.emit (events.js:98:17)
48 error     at Request.<anonymous> (/Users/considerate/.nvm-fish/v0.10.28/lib/node_modules/npm/node_modules/request/request.js:893:14)
48 error     at Request.EventEmitter.emit (events.js:117:20)
48 error     at IncomingMessage.<anonymous> (/Users/considerate/.nvm-fish/v0.10.28/lib/node_modules/npm/node_modules/request/request.js:844:12)
48 error     at IncomingMessage.EventEmitter.emit (events.js:117:20)
48 error     at _stream_readable.js:919:16
48 error     at process._tickCallback (node.js:419:13)
49 error If you need help, you may report this *entire* log,
49 error including the npm and node versions, at:
49 error     <http://github.com/npm/npm/issues>
50 error System Darwin 14.0.0
51 error command "/Users/considerate/.nvm-fish/v0.10.28/bin/node" "/Users/considerate/.nvm-fish/v0.10.28/bin/npm" "publish"
52 error cwd /Users/considerate/Development/JavaScript/dashes.js
53 error node -v v0.10.28
54 error npm -v 1.4.9
55 verbose exit [ 1, true ]
